<?xml version="1.0" encoding="UTF-8"?>
<testsuite xmlns:xsi="http://www.w3.org/2001/XMLSchema-instance" xsi:noNamespaceSchemaLocation="https://maven.apache.org/surefire/maven-surefire-plugin/xsd/surefire-test-report-3.0.xsd" version="3.0" name="org.example.AppTest" time="0.038" tests="1" errors="0" skipped="0" failures="0">
  <properties>
    <property name="sun.desktop" value="windows"/>
    <property name="awt.toolkit" value="sun.awt.windows.WToolkit"/>
    <property name="file.encoding.pkg" value="sun.io"/>
    <property name="java.specification.version" value="1.8"/>
    <property name="sun.cpu.isalist" value="amd64"/>
    <property name="sun.jnu.encoding" value="GBK"/>
    <property name="java.class.path" value="E:\Scala_project\project3\spark_project\target\test-classes;E:\Scala_project\project3\spark_project\target\classes;E:\maven\repo\org\scala-lang\scala-library\2.12.18\scala-library-2.12.18.jar;E:\maven\repo\org\apache\spark\spark-core_2.12\3.5.0\spark-core_2.12-3.5.0.jar;E:\maven\repo\org\apache\avro\avro\1.11.2\avro-1.11.2.jar;E:\maven\repo\com\fasterxml\jackson\core\jackson-core\2.14.2\jackson-core-2.14.2.jar;E:\maven\repo\org\apache\avro\avro-mapred\1.11.2\avro-mapred-1.11.2.jar;E:\maven\repo\org\apache\avro\avro-ipc\1.11.2\avro-ipc-1.11.2.jar;E:\maven\repo\com\twitter\chill-java\0.10.0\chill-java-0.10.0.jar;E:\maven\repo\org\apache\xbean\xbean-asm9-shaded\4.23\xbean-asm9-shaded-4.23.jar;E:\maven\repo\org\apache\hadoop\hadoop-client-api\3.3.4\hadoop-client-api-3.3.4.jar;E:\maven\repo\org\apache\hadoop\hadoop-client-runtime\3.3.4\hadoop-client-runtime-3.3.4.jar;E:\maven\repo\commons-logging\commons-logging\1.1.3\commons-logging-1.1.3.jar;E:\maven\repo\org\apache\spark\spark-launcher_2.12\3.5.0\spark-launcher_2.12-3.5.0.jar;E:\maven\repo\org\apache\spark\spark-kvstore_2.12\3.5.0\spark-kvstore_2.12-3.5.0.jar;E:\maven\repo\org\fusesource\leveldbjni\leveldbjni-all\1.8\leveldbjni-all-1.8.jar;E:\maven\repo\com\fasterxml\jackson\core\jackson-annotations\2.15.2\jackson-annotations-2.15.2.jar;E:\maven\repo\org\apache\spark\spark-network-common_2.12\3.5.0\spark-network-common_2.12-3.5.0.jar;E:\maven\repo\com\google\crypto\tink\tink\1.9.0\tink-1.9.0.jar;E:\maven\repo\com\google\code\gson\gson\2.10.1\gson-2.10.1.jar;E:\maven\repo\joda-time\joda-time\2.12.5\joda-time-2.12.5.jar;E:\maven\repo\org\apache\spark\spark-network-shuffle_2.12\3.5.0\spark-network-shuffle_2.12-3.5.0.jar;E:\maven\repo\org\apache\spark\spark-unsafe_2.12\3.5.0\spark-unsafe_2.12-3.5.0.jar;E:\maven\repo\org\apache\spark\spark-common-utils_2.12\3.5.0\spark-common-utils_2.12-3.5.0.jar;E:\maven\repo\org\slf4j\jul-to-slf4j\2.0.7\jul-to-slf4j-2.0.7.jar;E:\maven\repo\org\slf4j\jcl-over-slf4j\2.0.7\jcl-over-slf4j-2.0.7.jar;E:\maven\repo\org\apache\logging\log4j\log4j-slf4j2-impl\2.20.0\log4j-slf4j2-impl-2.20.0.jar;E:\maven\repo\org\apache\logging\log4j\log4j-api\2.20.0\log4j-api-2.20.0.jar;E:\maven\repo\org\apache\logging\log4j\log4j-core\2.20.0\log4j-core-2.20.0.jar;E:\maven\repo\org\apache\logging\log4j\log4j-1.2-api\2.20.0\log4j-1.2-api-2.20.0.jar;E:\maven\repo\javax\activation\activation\1.1.1\activation-1.1.1.jar;E:\maven\repo\org\apache\curator\curator-recipes\2.13.0\curator-recipes-2.13.0.jar;E:\maven\repo\org\apache\curator\curator-framework\2.13.0\curator-framework-2.13.0.jar;E:\maven\repo\org\apache\curator\curator-client\2.13.0\curator-client-2.13.0.jar;E:\maven\repo\com\google\guava\guava\16.0.1\guava-16.0.1.jar;E:\maven\repo\org\apache\zookeeper\zookeeper\3.6.3\zookeeper-3.6.3.jar;E:\maven\repo\org\apache\zookeeper\zookeeper-jute\3.6.3\zookeeper-jute-3.6.3.jar;E:\maven\repo\org\apache\yetus\audience-annotations\0.5.0\audience-annotations-0.5.0.jar;E:\maven\repo\jakarta\servlet\jakarta.servlet-api\4.0.3\jakarta.servlet-api-4.0.3.jar;E:\maven\repo\commons-codec\commons-codec\1.16.0\commons-codec-1.16.0.jar;E:\maven\repo\org\apache\commons\commons-compress\1.23.0\commons-compress-1.23.0.jar;E:\maven\repo\org\apache\commons\commons-lang3\3.12.0\commons-lang3-3.12.0.jar;E:\maven\repo\org\apache\commons\commons-text\1.10.0\commons-text-1.10.0.jar;E:\maven\repo\commons-io\commons-io\2.13.0\commons-io-2.13.0.jar;E:\maven\repo\commons-collections\commons-collections\3.2.2\commons-collections-3.2.2.jar;E:\maven\repo\org\apache\commons\commons-collections4\4.4\commons-collections4-4.4.jar;E:\maven\repo\com\google\code\findbugs\jsr305\3.0.0\jsr305-3.0.0.jar;E:\maven\repo\com\ning\compress-lzf\1.1.2\compress-lzf-1.1.2.jar;E:\maven\repo\org\xerial\snappy\snappy-java\1.1.10.3\snappy-java-1.1.10.3.jar;E:\maven\repo\org\lz4\lz4-java\1.8.0\lz4-java-1.8.0.jar;E:\maven\repo\com\github\luben\zstd-jni\1.5.5-4\zstd-jni-1.5.5-4.jar;E:\maven\repo\org\roaringbitmap\RoaringBitmap\0.9.45\RoaringBitmap-0.9.45.jar;E:\maven\repo\org\roaringbitmap\shims\0.9.45\shims-0.9.45.jar;E:\maven\repo\org\scala-lang\modules\scala-xml_2.12\2.1.0\scala-xml_2.12-2.1.0.jar;E:\maven\repo\org\scala-lang\scala-reflect\2.12.18\scala-reflect-2.12.18.jar;E:\maven\repo\org\json4s\json4s-jackson_2.12\3.7.0-M11\json4s-jackson_2.12-3.7.0-M11.jar;E:\maven\repo\org\json4s\json4s-core_2.12\3.7.0-M11\json4s-core_2.12-3.7.0-M11.jar;E:\maven\repo\org\json4s\json4s-ast_2.12\3.7.0-M11\json4s-ast_2.12-3.7.0-M11.jar;E:\maven\repo\org\json4s\json4s-scalap_2.12\3.7.0-M11\json4s-scalap_2.12-3.7.0-M11.jar;E:\maven\repo\org\glassfish\jersey\core\jersey-client\2.40\jersey-client-2.40.jar;E:\maven\repo\jakarta\ws\rs\jakarta.ws.rs-api\2.1.6\jakarta.ws.rs-api-2.1.6.jar;E:\maven\repo\org\glassfish\hk2\external\jakarta.inject\2.6.1\jakarta.inject-2.6.1.jar;E:\maven\repo\org\glassfish\jersey\core\jersey-common\2.40\jersey-common-2.40.jar;E:\maven\repo\jakarta\annotation\jakarta.annotation-api\1.3.5\jakarta.annotation-api-1.3.5.jar;E:\maven\repo\org\glassfish\hk2\osgi-resource-locator\1.0.3\osgi-resource-locator-1.0.3.jar;E:\maven\repo\org\glassfish\jersey\core\jersey-server\2.40\jersey-server-2.40.jar;E:\maven\repo\jakarta\validation\jakarta.validation-api\2.0.2\jakarta.validation-api-2.0.2.jar;E:\maven\repo\org\glassfish\jersey\containers\jersey-container-servlet\2.40\jersey-container-servlet-2.40.jar;E:\maven\repo\org\glassfish\jersey\containers\jersey-container-servlet-core\2.40\jersey-container-servlet-core-2.40.jar;E:\maven\repo\org\glassfish\jersey\inject\jersey-hk2\2.40\jersey-hk2-2.40.jar;E:\maven\repo\org\glassfish\hk2\hk2-locator\2.6.1\hk2-locator-2.6.1.jar;E:\maven\repo\org\glassfish\hk2\external\aopalliance-repackaged\2.6.1\aopalliance-repackaged-2.6.1.jar;E:\maven\repo\org\glassfish\hk2\hk2-api\2.6.1\hk2-api-2.6.1.jar;E:\maven\repo\org\glassfish\hk2\hk2-utils\2.6.1\hk2-utils-2.6.1.jar;E:\maven\repo\org\javassist\javassist\3.29.2-GA\javassist-3.29.2-GA.jar;E:\maven\repo\io\netty\netty-all\4.1.96.Final\netty-all-4.1.96.Final.jar;E:\maven\repo\io\netty\netty-buffer\4.1.96.Final\netty-buffer-4.1.96.Final.jar;E:\maven\repo\io\netty\netty-codec\4.1.96.Final\netty-codec-4.1.96.Final.jar;E:\maven\repo\io\netty\netty-codec-http\4.1.96.Final\netty-codec-http-4.1.96.Final.jar;E:\maven\repo\io\netty\netty-codec-http2\4.1.96.Final\netty-codec-http2-4.1.96.Final.jar;E:\maven\repo\io\netty\netty-codec-socks\4.1.96.Final\netty-codec-socks-4.1.96.Final.jar;E:\maven\repo\io\netty\netty-common\4.1.96.Final\netty-common-4.1.96.Final.jar;E:\maven\repo\io\netty\netty-handler\4.1.96.Final\netty-handler-4.1.96.Final.jar;E:\maven\repo\io\netty\netty-transport-native-unix-common\4.1.96.Final\netty-transport-native-unix-common-4.1.96.Final.jar;E:\maven\repo\io\netty\netty-handler-proxy\4.1.96.Final\netty-handler-proxy-4.1.96.Final.jar;E:\maven\repo\io\netty\netty-resolver\4.1.96.Final\netty-resolver-4.1.96.Final.jar;E:\maven\repo\io\netty\netty-transport\4.1.96.Final\netty-transport-4.1.96.Final.jar;E:\maven\repo\io\netty\netty-transport-classes-epoll\4.1.96.Final\netty-transport-classes-epoll-4.1.96.Final.jar;E:\maven\repo\io\netty\netty-transport-classes-kqueue\4.1.96.Final\netty-transport-classes-kqueue-4.1.96.Final.jar;E:\maven\repo\io\netty\netty-transport-native-epoll\4.1.96.Final\netty-transport-native-epoll-4.1.96.Final-linux-x86_64.jar;E:\maven\repo\io\netty\netty-transport-native-epoll\4.1.96.Final\netty-transport-native-epoll-4.1.96.Final-linux-aarch_64.jar;E:\maven\repo\io\netty\netty-transport-native-kqueue\4.1.96.Final\netty-transport-native-kqueue-4.1.96.Final-osx-aarch_64.jar;E:\maven\repo\io\netty\netty-transport-native-kqueue\4.1.96.Final\netty-transport-native-kqueue-4.1.96.Final-osx-x86_64.jar;E:\maven\repo\com\clearspring\analytics\stream\2.9.6\stream-2.9.6.jar;E:\maven\repo\io\dropwizard\metrics\metrics-core\4.2.19\metrics-core-4.2.19.jar;E:\maven\repo\io\dropwizard\metrics\metrics-jvm\4.2.19\metrics-jvm-4.2.19.jar;E:\maven\repo\io\dropwizard\metrics\metrics-json\4.2.19\metrics-json-4.2.19.jar;E:\maven\repo\io\dropwizard\metrics\metrics-graphite\4.2.19\metrics-graphite-4.2.19.jar;E:\maven\repo\io\dropwizard\metrics\metrics-jmx\4.2.19\metrics-jmx-4.2.19.jar;E:\maven\repo\com\fasterxml\jackson\core\jackson-databind\2.15.2\jackson-databind-2.15.2.jar;E:\maven\repo\com\fasterxml\jackson\module\jackson-module-scala_2.12\2.15.2\jackson-module-scala_2.12-2.15.2.jar;E:\maven\repo\com\thoughtworks\paranamer\paranamer\2.8\paranamer-2.8.jar;E:\maven\repo\org\apache\ivy\ivy\2.5.1\ivy-2.5.1.jar;E:\maven\repo\oro\oro\2.0.8\oro-2.0.8.jar;E:\maven\repo\net\razorvine\pickle\1.3\pickle-1.3.jar;E:\maven\repo\net\sf\py4j\py4j\0.10.9.7\py4j-0.10.9.7.jar;E:\maven\repo\org\apache\spark\spark-tags_2.12\3.5.0\spark-tags_2.12-3.5.0.jar;E:\maven\repo\org\apache\commons\commons-crypto\1.1.0\commons-crypto-1.1.0.jar;E:\maven\repo\org\apache\spark\spark-sql_2.12\3.5.0\spark-sql_2.12-3.5.0.jar;E:\maven\repo\org\rocksdb\rocksdbjni\8.3.2\rocksdbjni-8.3.2.jar;E:\maven\repo\com\univocity\univocity-parsers\2.9.1\univocity-parsers-2.9.1.jar;E:\maven\repo\org\apache\spark\spark-sketch_2.12\3.5.0\spark-sketch_2.12-3.5.0.jar;E:\maven\repo\org\apache\spark\spark-catalyst_2.12\3.5.0\spark-catalyst_2.12-3.5.0.jar;E:\maven\repo\org\apache\spark\spark-sql-api_2.12\3.5.0\spark-sql-api_2.12-3.5.0.jar;E:\maven\repo\org\antlr\antlr4-runtime\4.9.3\antlr4-runtime-4.9.3.jar;E:\maven\repo\org\apache\arrow\arrow-vector\12.0.1\arrow-vector-12.0.1.jar;E:\maven\repo\org\apache\arrow\arrow-format\12.0.1\arrow-format-12.0.1.jar;E:\maven\repo\org\apache\arrow\arrow-memory-core\12.0.1\arrow-memory-core-12.0.1.jar;E:\maven\repo\com\fasterxml\jackson\datatype\jackson-datatype-jsr310\2.15.1\jackson-datatype-jsr310-2.15.1.jar;E:\maven\repo\com\google\flatbuffers\flatbuffers-java\1.12.0\flatbuffers-java-1.12.0.jar;E:\maven\repo\org\apache\arrow\arrow-memory-netty\12.0.1\arrow-memory-netty-12.0.1.jar;E:\maven\repo\org\codehaus\janino\janino\3.1.9\janino-3.1.9.jar;E:\maven\repo\org\codehaus\janino\commons-compiler\3.1.9\commons-compiler-3.1.9.jar;E:\maven\repo\org\apache\datasketches\datasketches-java\3.3.0\datasketches-java-3.3.0.jar;E:\maven\repo\org\apache\datasketches\datasketches-memory\2.1.0\datasketches-memory-2.1.0.jar;E:\maven\repo\org\apache\orc\orc-core\1.9.1\orc-core-1.9.1-shaded-protobuf.jar;E:\maven\repo\org\apache\orc\orc-shims\1.9.1\orc-shims-1.9.1.jar;E:\maven\repo\io\airlift\aircompressor\0.25\aircompressor-0.25.jar;E:\maven\repo\org\jetbrains\annotations\17.0.0\annotations-17.0.0.jar;E:\maven\repo\org\threeten\threeten-extra\1.7.1\threeten-extra-1.7.1.jar;E:\maven\repo\org\apache\orc\orc-mapreduce\1.9.1\orc-mapreduce-1.9.1-shaded-protobuf.jar;E:\maven\repo\org\apache\hive\hive-storage-api\2.8.1\hive-storage-api-2.8.1.jar;E:\maven\repo\org\apache\parquet\parquet-column\1.13.1\parquet-column-1.13.1.jar;E:\maven\repo\org\apache\parquet\parquet-common\1.13.1\parquet-common-1.13.1.jar;E:\maven\repo\org\apache\parquet\parquet-encoding\1.13.1\parquet-encoding-1.13.1.jar;E:\maven\repo\org\apache\parquet\parquet-hadoop\1.13.1\parquet-hadoop-1.13.1.jar;E:\maven\repo\org\apache\parquet\parquet-format-structures\1.13.1\parquet-format-structures-1.13.1.jar;E:\maven\repo\org\apache\parquet\parquet-jackson\1.13.1\parquet-jackson-1.13.1.jar;E:\maven\repo\org\apache\spark\spark-mllib_2.12\3.5.0\spark-mllib_2.12-3.5.0.jar;E:\maven\repo\org\scala-lang\modules\scala-parser-combinators_2.12\2.3.0\scala-parser-combinators_2.12-2.3.0.jar;E:\maven\repo\org\apache\spark\spark-streaming_2.12\3.5.0\spark-streaming_2.12-3.5.0.jar;E:\maven\repo\org\apache\spark\spark-graphx_2.12\3.5.0\spark-graphx_2.12-3.5.0.jar;E:\maven\repo\net\sourceforge\f2j\arpack_combined_all\0.1\arpack_combined_all-0.1.jar;E:\maven\repo\org\apache\spark\spark-mllib-local_2.12\3.5.0\spark-mllib-local_2.12-3.5.0.jar;E:\maven\repo\org\scalanlp\breeze_2.12\2.1.0\breeze_2.12-2.1.0.jar;E:\maven\repo\org\scalanlp\breeze-macros_2.12\2.1.0\breeze-macros_2.12-2.1.0.jar;E:\maven\repo\net\sf\opencsv\opencsv\2.3\opencsv-2.3.jar;E:\maven\repo\com\github\wendykierp\JTransforms\3.1\JTransforms-3.1.jar;E:\maven\repo\pl\edu\icm\JLargeArrays\1.5\JLargeArrays-1.5.jar;E:\maven\repo\org\scala-lang\modules\scala-collection-compat_2.12\2.7.0\scala-collection-compat_2.12-2.7.0.jar;E:\maven\repo\org\typelevel\spire_2.12\0.17.0\spire_2.12-0.17.0.jar;E:\maven\repo\org\typelevel\spire-macros_2.12\0.17.0\spire-macros_2.12-0.17.0.jar;E:\maven\repo\org\typelevel\spire-platform_2.12\0.17.0\spire-platform_2.12-0.17.0.jar;E:\maven\repo\org\typelevel\spire-util_2.12\0.17.0\spire-util_2.12-0.17.0.jar;E:\maven\repo\org\typelevel\algebra_2.12\2.0.1\algebra_2.12-2.0.1.jar;E:\maven\repo\org\typelevel\cats-kernel_2.12\2.1.1\cats-kernel_2.12-2.1.1.jar;E:\maven\repo\org\glassfish\jaxb\jaxb-runtime\2.3.2\jaxb-runtime-2.3.2.jar;E:\maven\repo\jakarta\xml\bind\jakarta.xml.bind-api\2.3.2\jakarta.xml.bind-api-2.3.2.jar;E:\maven\repo\com\sun\istack\istack-commons-runtime\3.0.8\istack-commons-runtime-3.0.8.jar;E:\maven\repo\dev\ludovic\netlib\blas\3.0.3\blas-3.0.3.jar;E:\maven\repo\dev\ludovic\netlib\lapack\3.0.3\lapack-3.0.3.jar;E:\maven\repo\dev\ludovic\netlib\arpack\3.0.3\arpack-3.0.3.jar;E:\maven\repo\org\apache\commons\commons-math3\3.6.1\commons-math3-3.6.1.jar;E:\maven\repo\com\mysql\mysql-connector-j\8.0.33\mysql-connector-j-8.0.33.jar;E:\maven\repo\com\google\protobuf\protobuf-java\3.21.9\protobuf-java-3.21.9.jar;E:\maven\repo\org\junit\jupiter\junit-jupiter\5.9.2\junit-jupiter-5.9.2.jar;E:\maven\repo\org\junit\jupiter\junit-jupiter-api\5.9.2\junit-jupiter-api-5.9.2.jar;E:\maven\repo\org\opentest4j\opentest4j\1.2.0\opentest4j-1.2.0.jar;E:\maven\repo\org\junit\platform\junit-platform-commons\1.9.2\junit-platform-commons-1.9.2.jar;E:\maven\repo\org\apiguardian\apiguardian-api\1.1.2\apiguardian-api-1.1.2.jar;E:\maven\repo\org\junit\jupiter\junit-jupiter-params\5.9.2\junit-jupiter-params-5.9.2.jar;E:\maven\repo\org\junit\jupiter\junit-jupiter-engine\5.9.2\junit-jupiter-engine-5.9.2.jar;E:\maven\repo\org\junit\platform\junit-platform-engine\1.9.2\junit-platform-engine-1.9.2.jar;E:\maven\repo\org\apache\spark\spark-avro_2.12\3.5.0\spark-avro_2.12-3.5.0.jar;E:\maven\repo\org\tukaani\xz\1.9\xz-1.9.jar;E:\maven\repo\com\twitter\chill_2.12\0.10.0\chill_2.12-0.10.0.jar;E:\maven\repo\com\esotericsoftware\kryo-shaded\4.0.2\kryo-shaded-4.0.2.jar;E:\maven\repo\com\esotericsoftware\minlog\1.3.0\minlog-1.3.0.jar;E:\maven\repo\org\objenesis\objenesis\2.5.1\objenesis-2.5.1.jar;E:\maven\repo\org\apache\xbean\xbean-asm7-shaded\4.15\xbean-asm7-shaded-4.15.jar;E:\maven\repo\com\typesafe\config\1.4.2\config-1.4.2.jar;E:\maven\repo\ch\qos\logback\logback-classic\1.2.12\logback-classic-1.2.12.jar;E:\maven\repo\ch\qos\logback\logback-core\1.2.12\logback-core-1.2.12.jar;E:\maven\repo\org\slf4j\slf4j-api\1.7.32\slf4j-api-1.7.32.jar;"/>
    <property name="java.vm.vendor" value="Oracle Corporation"/>
    <property name="sun.arch.data.model" value="64"/>
    <property name="user.variant" value=""/>
    <property name="java.vendor.url" value="http://java.oracle.com/"/>
    <property name="user.timezone" value="Asia/Shanghai"/>
    <property name="java.vm.specification.version" value="1.8"/>
    <property name="os.name" value="Windows 10"/>
    <property name="user.country" value="CN"/>
    <property name="sun.java.launcher" value="SUN_STANDARD"/>
    <property name="sun.boot.library.path" value="E:\Java\jdk1.8\jre\bin"/>
    <property name="sun.java.command" value="C:\Users\22572\AppData\Local\Temp\surefire3781883714432364851\surefirebooter-20250625001946706_3.jar C:\Users\22572\AppData\Local\Temp\surefire3781883714432364851 2025-06-25T00-19-46_549-jvmRun1 surefire-20250625001946706_1tmp surefire_0-20250625001946706_2tmp"/>
    <property name="surefire.test.class.path" value="E:\Scala_project\project3\spark_project\target\test-classes;E:\Scala_project\project3\spark_project\target\classes;E:\maven\repo\org\scala-lang\scala-library\2.12.18\scala-library-2.12.18.jar;E:\maven\repo\org\apache\spark\spark-core_2.12\3.5.0\spark-core_2.12-3.5.0.jar;E:\maven\repo\org\apache\avro\avro\1.11.2\avro-1.11.2.jar;E:\maven\repo\com\fasterxml\jackson\core\jackson-core\2.14.2\jackson-core-2.14.2.jar;E:\maven\repo\org\apache\avro\avro-mapred\1.11.2\avro-mapred-1.11.2.jar;E:\maven\repo\org\apache\avro\avro-ipc\1.11.2\avro-ipc-1.11.2.jar;E:\maven\repo\com\twitter\chill-java\0.10.0\chill-java-0.10.0.jar;E:\maven\repo\org\apache\xbean\xbean-asm9-shaded\4.23\xbean-asm9-shaded-4.23.jar;E:\maven\repo\org\apache\hadoop\hadoop-client-api\3.3.4\hadoop-client-api-3.3.4.jar;E:\maven\repo\org\apache\hadoop\hadoop-client-runtime\3.3.4\hadoop-client-runtime-3.3.4.jar;E:\maven\repo\commons-logging\commons-logging\1.1.3\commons-logging-1.1.3.jar;E:\maven\repo\org\apache\spark\spark-launcher_2.12\3.5.0\spark-launcher_2.12-3.5.0.jar;E:\maven\repo\org\apache\spark\spark-kvstore_2.12\3.5.0\spark-kvstore_2.12-3.5.0.jar;E:\maven\repo\org\fusesource\leveldbjni\leveldbjni-all\1.8\leveldbjni-all-1.8.jar;E:\maven\repo\com\fasterxml\jackson\core\jackson-annotations\2.15.2\jackson-annotations-2.15.2.jar;E:\maven\repo\org\apache\spark\spark-network-common_2.12\3.5.0\spark-network-common_2.12-3.5.0.jar;E:\maven\repo\com\google\crypto\tink\tink\1.9.0\tink-1.9.0.jar;E:\maven\repo\com\google\code\gson\gson\2.10.1\gson-2.10.1.jar;E:\maven\repo\joda-time\joda-time\2.12.5\joda-time-2.12.5.jar;E:\maven\repo\org\apache\spark\spark-network-shuffle_2.12\3.5.0\spark-network-shuffle_2.12-3.5.0.jar;E:\maven\repo\org\apache\spark\spark-unsafe_2.12\3.5.0\spark-unsafe_2.12-3.5.0.jar;E:\maven\repo\org\apache\spark\spark-common-utils_2.12\3.5.0\spark-common-utils_2.12-3.5.0.jar;E:\maven\repo\org\slf4j\jul-to-slf4j\2.0.7\jul-to-slf4j-2.0.7.jar;E:\maven\repo\org\slf4j\jcl-over-slf4j\2.0.7\jcl-over-slf4j-2.0.7.jar;E:\maven\repo\org\apache\logging\log4j\log4j-slf4j2-impl\2.20.0\log4j-slf4j2-impl-2.20.0.jar;E:\maven\repo\org\apache\logging\log4j\log4j-api\2.20.0\log4j-api-2.20.0.jar;E:\maven\repo\org\apache\logging\log4j\log4j-core\2.20.0\log4j-core-2.20.0.jar;E:\maven\repo\org\apache\logging\log4j\log4j-1.2-api\2.20.0\log4j-1.2-api-2.20.0.jar;E:\maven\repo\javax\activation\activation\1.1.1\activation-1.1.1.jar;E:\maven\repo\org\apache\curator\curator-recipes\2.13.0\curator-recipes-2.13.0.jar;E:\maven\repo\org\apache\curator\curator-framework\2.13.0\curator-framework-2.13.0.jar;E:\maven\repo\org\apache\curator\curator-client\2.13.0\curator-client-2.13.0.jar;E:\maven\repo\com\google\guava\guava\16.0.1\guava-16.0.1.jar;E:\maven\repo\org\apache\zookeeper\zookeeper\3.6.3\zookeeper-3.6.3.jar;E:\maven\repo\org\apache\zookeeper\zookeeper-jute\3.6.3\zookeeper-jute-3.6.3.jar;E:\maven\repo\org\apache\yetus\audience-annotations\0.5.0\audience-annotations-0.5.0.jar;E:\maven\repo\jakarta\servlet\jakarta.servlet-api\4.0.3\jakarta.servlet-api-4.0.3.jar;E:\maven\repo\commons-codec\commons-codec\1.16.0\commons-codec-1.16.0.jar;E:\maven\repo\org\apache\commons\commons-compress\1.23.0\commons-compress-1.23.0.jar;E:\maven\repo\org\apache\commons\commons-lang3\3.12.0\commons-lang3-3.12.0.jar;E:\maven\repo\org\apache\commons\commons-text\1.10.0\commons-text-1.10.0.jar;E:\maven\repo\commons-io\commons-io\2.13.0\commons-io-2.13.0.jar;E:\maven\repo\commons-collections\commons-collections\3.2.2\commons-collections-3.2.2.jar;E:\maven\repo\org\apache\commons\commons-collections4\4.4\commons-collections4-4.4.jar;E:\maven\repo\com\google\code\findbugs\jsr305\3.0.0\jsr305-3.0.0.jar;E:\maven\repo\com\ning\compress-lzf\1.1.2\compress-lzf-1.1.2.jar;E:\maven\repo\org\xerial\snappy\snappy-java\1.1.10.3\snappy-java-1.1.10.3.jar;E:\maven\repo\org\lz4\lz4-java\1.8.0\lz4-java-1.8.0.jar;E:\maven\repo\com\github\luben\zstd-jni\1.5.5-4\zstd-jni-1.5.5-4.jar;E:\maven\repo\org\roaringbitmap\RoaringBitmap\0.9.45\RoaringBitmap-0.9.45.jar;E:\maven\repo\org\roaringbitmap\shims\0.9.45\shims-0.9.45.jar;E:\maven\repo\org\scala-lang\modules\scala-xml_2.12\2.1.0\scala-xml_2.12-2.1.0.jar;E:\maven\repo\org\scala-lang\scala-reflect\2.12.18\scala-reflect-2.12.18.jar;E:\maven\repo\org\json4s\json4s-jackson_2.12\3.7.0-M11\json4s-jackson_2.12-3.7.0-M11.jar;E:\maven\repo\org\json4s\json4s-core_2.12\3.7.0-M11\json4s-core_2.12-3.7.0-M11.jar;E:\maven\repo\org\json4s\json4s-ast_2.12\3.7.0-M11\json4s-ast_2.12-3.7.0-M11.jar;E:\maven\repo\org\json4s\json4s-scalap_2.12\3.7.0-M11\json4s-scalap_2.12-3.7.0-M11.jar;E:\maven\repo\org\glassfish\jersey\core\jersey-client\2.40\jersey-client-2.40.jar;E:\maven\repo\jakarta\ws\rs\jakarta.ws.rs-api\2.1.6\jakarta.ws.rs-api-2.1.6.jar;E:\maven\repo\org\glassfish\hk2\external\jakarta.inject\2.6.1\jakarta.inject-2.6.1.jar;E:\maven\repo\org\glassfish\jersey\core\jersey-common\2.40\jersey-common-2.40.jar;E:\maven\repo\jakarta\annotation\jakarta.annotation-api\1.3.5\jakarta.annotation-api-1.3.5.jar;E:\maven\repo\org\glassfish\hk2\osgi-resource-locator\1.0.3\osgi-resource-locator-1.0.3.jar;E:\maven\repo\org\glassfish\jersey\core\jersey-server\2.40\jersey-server-2.40.jar;E:\maven\repo\jakarta\validation\jakarta.validation-api\2.0.2\jakarta.validation-api-2.0.2.jar;E:\maven\repo\org\glassfish\jersey\containers\jersey-container-servlet\2.40\jersey-container-servlet-2.40.jar;E:\maven\repo\org\glassfish\jersey\containers\jersey-container-servlet-core\2.40\jersey-container-servlet-core-2.40.jar;E:\maven\repo\org\glassfish\jersey\inject\jersey-hk2\2.40\jersey-hk2-2.40.jar;E:\maven\repo\org\glassfish\hk2\hk2-locator\2.6.1\hk2-locator-2.6.1.jar;E:\maven\repo\org\glassfish\hk2\external\aopalliance-repackaged\2.6.1\aopalliance-repackaged-2.6.1.jar;E:\maven\repo\org\glassfish\hk2\hk2-api\2.6.1\hk2-api-2.6.1.jar;E:\maven\repo\org\glassfish\hk2\hk2-utils\2.6.1\hk2-utils-2.6.1.jar;E:\maven\repo\org\javassist\javassist\3.29.2-GA\javassist-3.29.2-GA.jar;E:\maven\repo\io\netty\netty-all\4.1.96.Final\netty-all-4.1.96.Final.jar;E:\maven\repo\io\netty\netty-buffer\4.1.96.Final\netty-buffer-4.1.96.Final.jar;E:\maven\repo\io\netty\netty-codec\4.1.96.Final\netty-codec-4.1.96.Final.jar;E:\maven\repo\io\netty\netty-codec-http\4.1.96.Final\netty-codec-http-4.1.96.Final.jar;E:\maven\repo\io\netty\netty-codec-http2\4.1.96.Final\netty-codec-http2-4.1.96.Final.jar;E:\maven\repo\io\netty\netty-codec-socks\4.1.96.Final\netty-codec-socks-4.1.96.Final.jar;E:\maven\repo\io\netty\netty-common\4.1.96.Final\netty-common-4.1.96.Final.jar;E:\maven\repo\io\netty\netty-handler\4.1.96.Final\netty-handler-4.1.96.Final.jar;E:\maven\repo\io\netty\netty-transport-native-unix-common\4.1.96.Final\netty-transport-native-unix-common-4.1.96.Final.jar;E:\maven\repo\io\netty\netty-handler-proxy\4.1.96.Final\netty-handler-proxy-4.1.96.Final.jar;E:\maven\repo\io\netty\netty-resolver\4.1.96.Final\netty-resolver-4.1.96.Final.jar;E:\maven\repo\io\netty\netty-transport\4.1.96.Final\netty-transport-4.1.96.Final.jar;E:\maven\repo\io\netty\netty-transport-classes-epoll\4.1.96.Final\netty-transport-classes-epoll-4.1.96.Final.jar;E:\maven\repo\io\netty\netty-transport-classes-kqueue\4.1.96.Final\netty-transport-classes-kqueue-4.1.96.Final.jar;E:\maven\repo\io\netty\netty-transport-native-epoll\4.1.96.Final\netty-transport-native-epoll-4.1.96.Final-linux-x86_64.jar;E:\maven\repo\io\netty\netty-transport-native-epoll\4.1.96.Final\netty-transport-native-epoll-4.1.96.Final-linux-aarch_64.jar;E:\maven\repo\io\netty\netty-transport-native-kqueue\4.1.96.Final\netty-transport-native-kqueue-4.1.96.Final-osx-aarch_64.jar;E:\maven\repo\io\netty\netty-transport-native-kqueue\4.1.96.Final\netty-transport-native-kqueue-4.1.96.Final-osx-x86_64.jar;E:\maven\repo\com\clearspring\analytics\stream\2.9.6\stream-2.9.6.jar;E:\maven\repo\io\dropwizard\metrics\metrics-core\4.2.19\metrics-core-4.2.19.jar;E:\maven\repo\io\dropwizard\metrics\metrics-jvm\4.2.19\metrics-jvm-4.2.19.jar;E:\maven\repo\io\dropwizard\metrics\metrics-json\4.2.19\metrics-json-4.2.19.jar;E:\maven\repo\io\dropwizard\metrics\metrics-graphite\4.2.19\metrics-graphite-4.2.19.jar;E:\maven\repo\io\dropwizard\metrics\metrics-jmx\4.2.19\metrics-jmx-4.2.19.jar;E:\maven\repo\com\fasterxml\jackson\core\jackson-databind\2.15.2\jackson-databind-2.15.2.jar;E:\maven\repo\com\fasterxml\jackson\module\jackson-module-scala_2.12\2.15.2\jackson-module-scala_2.12-2.15.2.jar;E:\maven\repo\com\thoughtworks\paranamer\paranamer\2.8\paranamer-2.8.jar;E:\maven\repo\org\apache\ivy\ivy\2.5.1\ivy-2.5.1.jar;E:\maven\repo\oro\oro\2.0.8\oro-2.0.8.jar;E:\maven\repo\net\razorvine\pickle\1.3\pickle-1.3.jar;E:\maven\repo\net\sf\py4j\py4j\0.10.9.7\py4j-0.10.9.7.jar;E:\maven\repo\org\apache\spark\spark-tags_2.12\3.5.0\spark-tags_2.12-3.5.0.jar;E:\maven\repo\org\apache\commons\commons-crypto\1.1.0\commons-crypto-1.1.0.jar;E:\maven\repo\org\apache\spark\spark-sql_2.12\3.5.0\spark-sql_2.12-3.5.0.jar;E:\maven\repo\org\rocksdb\rocksdbjni\8.3.2\rocksdbjni-8.3.2.jar;E:\maven\repo\com\univocity\univocity-parsers\2.9.1\univocity-parsers-2.9.1.jar;E:\maven\repo\org\apache\spark\spark-sketch_2.12\3.5.0\spark-sketch_2.12-3.5.0.jar;E:\maven\repo\org\apache\spark\spark-catalyst_2.12\3.5.0\spark-catalyst_2.12-3.5.0.jar;E:\maven\repo\org\apache\spark\spark-sql-api_2.12\3.5.0\spark-sql-api_2.12-3.5.0.jar;E:\maven\repo\org\antlr\antlr4-runtime\4.9.3\antlr4-runtime-4.9.3.jar;E:\maven\repo\org\apache\arrow\arrow-vector\12.0.1\arrow-vector-12.0.1.jar;E:\maven\repo\org\apache\arrow\arrow-format\12.0.1\arrow-format-12.0.1.jar;E:\maven\repo\org\apache\arrow\arrow-memory-core\12.0.1\arrow-memory-core-12.0.1.jar;E:\maven\repo\com\fasterxml\jackson\datatype\jackson-datatype-jsr310\2.15.1\jackson-datatype-jsr310-2.15.1.jar;E:\maven\repo\com\google\flatbuffers\flatbuffers-java\1.12.0\flatbuffers-java-1.12.0.jar;E:\maven\repo\org\apache\arrow\arrow-memory-netty\12.0.1\arrow-memory-netty-12.0.1.jar;E:\maven\repo\org\codehaus\janino\janino\3.1.9\janino-3.1.9.jar;E:\maven\repo\org\codehaus\janino\commons-compiler\3.1.9\commons-compiler-3.1.9.jar;E:\maven\repo\org\apache\datasketches\datasketches-java\3.3.0\datasketches-java-3.3.0.jar;E:\maven\repo\org\apache\datasketches\datasketches-memory\2.1.0\datasketches-memory-2.1.0.jar;E:\maven\repo\org\apache\orc\orc-core\1.9.1\orc-core-1.9.1-shaded-protobuf.jar;E:\maven\repo\org\apache\orc\orc-shims\1.9.1\orc-shims-1.9.1.jar;E:\maven\repo\io\airlift\aircompressor\0.25\aircompressor-0.25.jar;E:\maven\repo\org\jetbrains\annotations\17.0.0\annotations-17.0.0.jar;E:\maven\repo\org\threeten\threeten-extra\1.7.1\threeten-extra-1.7.1.jar;E:\maven\repo\org\apache\orc\orc-mapreduce\1.9.1\orc-mapreduce-1.9.1-shaded-protobuf.jar;E:\maven\repo\org\apache\hive\hive-storage-api\2.8.1\hive-storage-api-2.8.1.jar;E:\maven\repo\org\apache\parquet\parquet-column\1.13.1\parquet-column-1.13.1.jar;E:\maven\repo\org\apache\parquet\parquet-common\1.13.1\parquet-common-1.13.1.jar;E:\maven\repo\org\apache\parquet\parquet-encoding\1.13.1\parquet-encoding-1.13.1.jar;E:\maven\repo\org\apache\parquet\parquet-hadoop\1.13.1\parquet-hadoop-1.13.1.jar;E:\maven\repo\org\apache\parquet\parquet-format-structures\1.13.1\parquet-format-structures-1.13.1.jar;E:\maven\repo\org\apache\parquet\parquet-jackson\1.13.1\parquet-jackson-1.13.1.jar;E:\maven\repo\org\apache\spark\spark-mllib_2.12\3.5.0\spark-mllib_2.12-3.5.0.jar;E:\maven\repo\org\scala-lang\modules\scala-parser-combinators_2.12\2.3.0\scala-parser-combinators_2.12-2.3.0.jar;E:\maven\repo\org\apache\spark\spark-streaming_2.12\3.5.0\spark-streaming_2.12-3.5.0.jar;E:\maven\repo\org\apache\spark\spark-graphx_2.12\3.5.0\spark-graphx_2.12-3.5.0.jar;E:\maven\repo\net\sourceforge\f2j\arpack_combined_all\0.1\arpack_combined_all-0.1.jar;E:\maven\repo\org\apache\spark\spark-mllib-local_2.12\3.5.0\spark-mllib-local_2.12-3.5.0.jar;E:\maven\repo\org\scalanlp\breeze_2.12\2.1.0\breeze_2.12-2.1.0.jar;E:\maven\repo\org\scalanlp\breeze-macros_2.12\2.1.0\breeze-macros_2.12-2.1.0.jar;E:\maven\repo\net\sf\opencsv\opencsv\2.3\opencsv-2.3.jar;E:\maven\repo\com\github\wendykierp\JTransforms\3.1\JTransforms-3.1.jar;E:\maven\repo\pl\edu\icm\JLargeArrays\1.5\JLargeArrays-1.5.jar;E:\maven\repo\org\scala-lang\modules\scala-collection-compat_2.12\2.7.0\scala-collection-compat_2.12-2.7.0.jar;E:\maven\repo\org\typelevel\spire_2.12\0.17.0\spire_2.12-0.17.0.jar;E:\maven\repo\org\typelevel\spire-macros_2.12\0.17.0\spire-macros_2.12-0.17.0.jar;E:\maven\repo\org\typelevel\spire-platform_2.12\0.17.0\spire-platform_2.12-0.17.0.jar;E:\maven\repo\org\typelevel\spire-util_2.12\0.17.0\spire-util_2.12-0.17.0.jar;E:\maven\repo\org\typelevel\algebra_2.12\2.0.1\algebra_2.12-2.0.1.jar;E:\maven\repo\org\typelevel\cats-kernel_2.12\2.1.1\cats-kernel_2.12-2.1.1.jar;E:\maven\repo\org\glassfish\jaxb\jaxb-runtime\2.3.2\jaxb-runtime-2.3.2.jar;E:\maven\repo\jakarta\xml\bind\jakarta.xml.bind-api\2.3.2\jakarta.xml.bind-api-2.3.2.jar;E:\maven\repo\com\sun\istack\istack-commons-runtime\3.0.8\istack-commons-runtime-3.0.8.jar;E:\maven\repo\dev\ludovic\netlib\blas\3.0.3\blas-3.0.3.jar;E:\maven\repo\dev\ludovic\netlib\lapack\3.0.3\lapack-3.0.3.jar;E:\maven\repo\dev\ludovic\netlib\arpack\3.0.3\arpack-3.0.3.jar;E:\maven\repo\org\apache\commons\commons-math3\3.6.1\commons-math3-3.6.1.jar;E:\maven\repo\com\mysql\mysql-connector-j\8.0.33\mysql-connector-j-8.0.33.jar;E:\maven\repo\com\google\protobuf\protobuf-java\3.21.9\protobuf-java-3.21.9.jar;E:\maven\repo\org\junit\jupiter\junit-jupiter\5.9.2\junit-jupiter-5.9.2.jar;E:\maven\repo\org\junit\jupiter\junit-jupiter-api\5.9.2\junit-jupiter-api-5.9.2.jar;E:\maven\repo\org\opentest4j\opentest4j\1.2.0\opentest4j-1.2.0.jar;E:\maven\repo\org\junit\platform\junit-platform-commons\1.9.2\junit-platform-commons-1.9.2.jar;E:\maven\repo\org\apiguardian\apiguardian-api\1.1.2\apiguardian-api-1.1.2.jar;E:\maven\repo\org\junit\jupiter\junit-jupiter-params\5.9.2\junit-jupiter-params-5.9.2.jar;E:\maven\repo\org\junit\jupiter\junit-jupiter-engine\5.9.2\junit-jupiter-engine-5.9.2.jar;E:\maven\repo\org\junit\platform\junit-platform-engine\1.9.2\junit-platform-engine-1.9.2.jar;E:\maven\repo\org\apache\spark\spark-avro_2.12\3.5.0\spark-avro_2.12-3.5.0.jar;E:\maven\repo\org\tukaani\xz\1.9\xz-1.9.jar;E:\maven\repo\com\twitter\chill_2.12\0.10.0\chill_2.12-0.10.0.jar;E:\maven\repo\com\esotericsoftware\kryo-shaded\4.0.2\kryo-shaded-4.0.2.jar;E:\maven\repo\com\esotericsoftware\minlog\1.3.0\minlog-1.3.0.jar;E:\maven\repo\org\objenesis\objenesis\2.5.1\objenesis-2.5.1.jar;E:\maven\repo\org\apache\xbean\xbean-asm7-shaded\4.15\xbean-asm7-shaded-4.15.jar;E:\maven\repo\com\typesafe\config\1.4.2\config-1.4.2.jar;E:\maven\repo\ch\qos\logback\logback-classic\1.2.12\logback-classic-1.2.12.jar;E:\maven\repo\ch\qos\logback\logback-core\1.2.12\logback-core-1.2.12.jar;E:\maven\repo\org\slf4j\slf4j-api\1.7.32\slf4j-api-1.7.32.jar;"/>
    <property name="sun.cpu.endian" value="little"/>
    <property name="user.home" value="C:\Users\22572"/>
    <property name="user.language" value="zh"/>
    <property name="java.specification.vendor" value="Oracle Corporation"/>
    <property name="java.home" value="E:\Java\jdk1.8\jre"/>
    <property name="basedir" value="E:\Scala_project\project3\spark_project"/>
    <property name="file.separator" value="\"/>
    <property name="line.separator" value="&#10;"/>
    <property name="java.vm.specification.vendor" value="Oracle Corporation"/>
    <property name="java.specification.name" value="Java Platform API Specification"/>
    <property name="java.awt.graphicsenv" value="sun.awt.Win32GraphicsEnvironment"/>
    <property name="surefire.real.class.path" value="C:\Users\22572\AppData\Local\Temp\surefire3781883714432364851\surefirebooter-20250625001946706_3.jar"/>
    <property name="sun.boot.class.path" value="E:\Java\jdk1.8\jre\lib\resources.jar;E:\Java\jdk1.8\jre\lib\rt.jar;E:\Java\jdk1.8\jre\lib\sunrsasign.jar;E:\Java\jdk1.8\jre\lib\jsse.jar;E:\Java\jdk1.8\jre\lib\jce.jar;E:\Java\jdk1.8\jre\lib\charsets.jar;E:\Java\jdk1.8\jre\lib\jfr.jar;E:\Java\jdk1.8\jre\classes"/>
    <property name="user.script" value=""/>
    <property name="sun.management.compiler" value="HotSpot 64-Bit Tiered Compilers"/>
    <property name="java.runtime.version" value="1.8.0_202-b08"/>
    <property name="user.name" value="22572"/>
    <property name="path.separator" value=";"/>
    <property name="os.version" value="10.0"/>
    <property name="java.endorsed.dirs" value="E:\Java\jdk1.8\jre\lib\endorsed"/>
    <property name="java.runtime.name" value="Java(TM) SE Runtime Environment"/>
    <property name="file.encoding" value="GBK"/>
    <property name="java.vm.name" value="Java HotSpot(TM) 64-Bit Server VM"/>
    <property name="localRepository" value="E:\maven\repo"/>
    <property name="java.vendor.url.bug" value="http://bugreport.sun.com/bugreport/"/>
    <property name="java.io.tmpdir" value="C:\Users\22572\AppData\Local\Temp\"/>
    <property name="idea.version" value="2025.1"/>
    <property name="java.version" value="1.8.0_202"/>
    <property name="user.dir" value="E:\Scala_project\project3\spark_project"/>
    <property name="os.arch" value="amd64"/>
    <property name="java.vm.specification.name" value="Java Virtual Machine Specification"/>
    <property name="java.awt.printerjob" value="sun.awt.windows.WPrinterJob"/>
    <property name="sun.os.patch.level" value=""/>
    <property name="java.library.path" value="E:\Java\jdk1.8\jre\bin;C:\Windows\Sun\Java\bin;C:\Windows\system32;C:\Windows;C:\Windows\system32;C:\Windows;E:\python\Python313\Scripts\;E:\python\Python313\;C:\Program Files (x86)\Common Files\Oracle\Java\javapath;D:\Program Files\VMware\VMware Workstation\bin\;C:\Windows\system32;C:\Windows;C:\Windows\System32\Wbem;C:\Windows\System32\WindowsPowerShell\v1.0\;C:\Windows\System32\OpenSSH\;C:\Program Files (x86)\NVIDIA Corporation\PhysX\Common;C:\Windows\System32\Wbem;C:\Windows\System32\WindowsPowerShell\v1.0\;C:\Windows\System32\OpenSSH\;C:\Program Files\dotnet\;C:\Program Files\NVIDIA Corporation\NVIDIA App\NvDLISR;E:\MySQL\mysql-9.3.0-winx64\bin;D:\Program Files\nodejs\;E:\Scala\scala-2.12.18\bin;E:\hadoop\winutilsmaster\winutils-master\hadoop-3.0.0\bin;D:\Program Files\NetSarang\Xftp 8\;C:\Users\22572\AppData\Local\Microsoft\WindowsApps;D:\Program Files\JetBrains\IntelliJ IDEA Community Edition 2025.1\bin;;D:\Program Files\JetBrains\PyCharm 2025.1\bin;;C:\Users\22572\AppData\Local\Programs\Microsoft VS Code\bin;C:\Users\22572\AppData\Roaming\npm;C:\Users\22572\AppData\Local\GitHubDesktop\bin;."/>
    <property name="java.vm.info" value="mixed mode"/>
    <property name="java.vendor" value="Oracle Corporation"/>
    <property name="java.vm.version" value="25.202-b08"/>
    <property name="java.ext.dirs" value="E:\Java\jdk1.8\jre\lib\ext;C:\Windows\Sun\Java\lib\ext"/>
    <property name="sun.io.unicode.encoding" value="UnicodeLittle"/>
    <property name="maven.repo.local" value="E:\maven\repo"/>
    <property name="java.class.version" value="52.0"/>
  </properties>
  <testcase name="testApp" classname="org.example.AppTest" time="0.018"/>
</testsuite>